2024-12-22 05:52:03,649 [4] INFO  fourtitudeTest.Controllers.FourtitudeController - Received request: {"partnerrefno":"FG-00001","partnerkey":"FAKEGOOGLE","partnerpassword":"RkFLRVBBU1NXT1JEMTIzNA==","totalamount":1000,"sig":" MDE3ZTBkODg4ZDNhYzU0ZDBlZWRmNmU2NmUyOWRhZWU4Y2M1NzQ1OTIzZGRjYTc1ZGNjOTkwYzg2MWJlMDExMw==","timestamp":"2024-08-15T02:11:22.0000000Z","items":null}
2024-12-22 06:10:40,369 [24] INFO  fourtitudeTest.Controllers.FourtitudeController - Received request: {"partnerrefno":"FG-00001","partnerkey":"FAKEGOOGLE","partnerpassword":"RkFLRVBBU1NXT1JEMTIzNA==","totalamount":1000,"sig":" MDE3ZTBkODg4ZDNhYzU0ZDBlZWRmNmU2NmUyOWRhZWU4Y2M1NzQ1OTIzZGRjYTc1ZGNjOTkwYzg2MWJlMDExMw==","timestamp":"2024-08-15T02:11:22.0000000Z","items":null}
2024-12-22 06:10:46,554 [24] ERROR Program - Validation failed: partnerkey is required.
2024-12-22 06:10:48,234 [24] ERROR Program - Validation failed: partnerkey is required.
2024-12-22 06:10:48,830 [23] ERROR Program - Validation failed: partnerkey is required.
2024-12-22 06:10:49,283 [22] ERROR Program - Validation failed: partnerkey is required.
2024-12-22 06:11:48,670 [28] INFO  fourtitudeTest.Controllers.FourtitudeController - Received request: {"partnerrefno":"FG-00001","partnerkey":"FAKEGOOGLE1","partnerpassword":"RkFLRVBBU1NXT1JEMTIzNA==","totalamount":1000,"sig":" MDE3ZTBkODg4ZDNhYzU0ZDBlZWRmNmU2NmUyOWRhZWU4Y2M1NzQ1OTIzZGRjYTc1ZGNjOTkwYzg2MWJlMDExMw==","timestamp":"2024-08-15T02:11:22.0000000Z","items":null}
2024-12-22 06:14:58,811 [14] INFO  fourtitudeTest.Controllers.FourtitudeController - Received request: {"partnerrefno":"FG-00001","partnerkey":"FAKEGOOGLE1","partnerpassword":"RkFLRVBBU1NXT1JEMTIzNA==","totalamount":1000,"sig":" MDE3ZTBkODg4ZDNhYzU0ZDBlZWRmNmU2NmUyOWRhZWU4Y2M1NzQ1OTIzZGRjYTc1ZGNjOTkwYzg2MWJlMDExMw==","timestamp":"2024-08-15T02:11:22.0000000Z","items":null}
2024-12-22 06:15:40,469 [9] INFO  fourtitudeTest.Controllers.FourtitudeController - Received request: {"partnerrefno":"FG-00001","partnerkey":"FAKEGOOGLE1","partnerpassword":"RkFLRVBBU1NXT1JEMTIzNA==","totalamount":1000,"sig":" MDE3ZTBkODg4ZDNhYzU0ZDBlZWRmNmU2NmUyOWRhZWU4Y2M1NzQ1OTIzZGRjYTc1ZGNjOTkwYzg2MWJlMDExMw==","timestamp":"2024-08-15T02:11:22.0000000Z","items":null}
2024-12-22 08:17:47,537 [7] INFO  fourtitudeTest.Controllers.FourtitudeController - Received request: {"partnerrefno":"FG-00001","partnerkey":"FAKEGOOGLE1","partnerpassword":"RkFLRVBBU1NXT1JEMTIzNA==","totalamount":1000,"sig":" MDE3ZTBkODg4ZDNhYzU0ZDBlZWRmNmU2NmUyOWRhZWU4Y2M1NzQ1OTIzZGRjYTc1ZGNjOTkwYzg2MWJlMDExMw==","timestamp":"2024-08-15T02:11:22.0000000Z","items":null}
2024-12-22 08:17:47,717 [7] ERROR fourtitudeTest.Controllers.FourtitudeController - Partner or signature validation failed.
2024-12-22 08:17:56,172 [15] INFO  fourtitudeTest.Controllers.FourtitudeController - Received request: {"partnerrefno":"FG-000011","partnerkey":"FAKEGOOGLE","partnerpassword":"RkFLRVBBU1NXT1JEMTIzNA==","totalamount":1000,"sig":" MDE3ZTBkODg4ZDNhYzU0ZDBlZWRmNmU2NmUyOWRhZWU4Y2M1NzQ1OTIzZGRjYTc1ZGNjOTkwYzg2MWJlMDExMw==","timestamp":"2024-08-15T02:11:22.0000000Z","items":null}
2024-12-22 08:17:56,173 [15] ERROR fourtitudeTest.Controllers.FourtitudeController - Partner or signature validation failed.
2024-12-22 08:18:02,746 [14] INFO  fourtitudeTest.Controllers.FourtitudeController - Received request: {"partnerrefno":"FG-00001","partnerkey":"FAKEGOOGLE","partnerpassword":"RkFLRVBBU1NXT1JEMTIzNA==22","totalamount":1000,"sig":" MDE3ZTBkODg4ZDNhYzU0ZDBlZWRmNmU2NmUyOWRhZWU4Y2M1NzQ1OTIzZGRjYTc1ZGNjOTkwYzg2MWJlMDExMw==","timestamp":"2024-08-15T02:11:22.0000000Z","items":null}
2024-12-22 08:18:02,746 [14] ERROR fourtitudeTest.Controllers.FourtitudeController - Password is not encoded.
2024-12-22 08:18:54,235 [16] INFO  fourtitudeTest.Controllers.FourtitudeController - Received request: {"partnerrefno":"FG-00001","partnerkey":"FAKEGOOGLE","partnerpassword":"RkFLRVBBU1NXT1JEMTIzNA==","totalamount":1000,"sig":" MDE3ZTBkODg4ZDNhYzU0ZDBlZWRmNmU2NmUyOWRhZWU4Y2M1NzQ1OTIzZGRjYTc1ZGNjOTkwYzg2MWJlMDExMw==","timestamp":"2024-08-15T02:11:22.0000000Z","items":null}
2024-12-22 08:18:54,239 [16] ERROR fourtitudeTest.Controllers.FourtitudeController - Partner or signature validation failed.
2024-12-22 08:18:55,644 [17] INFO  fourtitudeTest.Controllers.FourtitudeController - Received request: {"partnerrefno":"FG-00001","partnerkey":"FAKEGOOGLE","partnerpassword":"RkFLRVBBU1NXT1JEMTIzNA==","totalamount":1000,"sig":" MDE3ZTBkODg4ZDNhYzU0ZDBlZWRmNmU2NmUyOWRhZWU4Y2M1NzQ1OTIzZGRjYTc1ZGNjOTkwYzg2MWJlMDExMw==","timestamp":"2024-08-15T02:11:22.0000000Z","items":null}
2024-12-22 08:18:55,644 [17] ERROR fourtitudeTest.Controllers.FourtitudeController - Partner or signature validation failed.
2024-12-22 08:19:09,303 [18] ERROR Program - Validation failed: UnitPrice must not exceed 5.
2024-12-22 08:19:21,655 [17] INFO  fourtitudeTest.Controllers.FourtitudeController - Received request: {"partnerrefno":"FG-00001","partnerkey":"FAKEGOOGLE","partnerpassword":"RkFLRVBBU1NXT1JEMTIzNA==","totalamount":1000,"sig":" MDE3ZTBkODg4ZDNhYzU0ZDBlZWRmNmU2NmUyOWRhZWU4Y2M1NzQ1OTIzZGRjYTc1ZGNjOTkwYzg2MWJlMDExMw==","timestamp":"2024-08-15T02:11:22.0000000Z","items":[{"PartnerItemRef":"i-00001","name":"Pen","qty":4,"unitprice":5},{"PartnerItemRef":"i-00002","name":"Ruler","qty":2,"unitprice":5}]}
2024-12-22 08:19:21,656 [17] ERROR fourtitudeTest.Controllers.FourtitudeController - Partner or signature validation failed.
2024-12-22 08:19:56,585 [14] INFO  fourtitudeTest.Controllers.FourtitudeController - Received request: {"partnerrefno":"FG-00001","partnerkey":"FAKEGOOGLE","partnerpassword":"RkFLRVBBU1NXT1JEMTIzNA==","totalamount":1000,"sig":" MDE3ZTBkODg4ZDNhYzU0ZDBlZWRmNmU2NmUyOWRhZWU4Y2M1NzQ1OTIzZGRjYTc1ZGNjOTkwYzg2MWJlMDExMw==","timestamp":"2024-08-15T02:11:22.0000000Z","items":[{"PartnerItemRef":"i-00001","name":"Pen","qty":4,"unitprice":5},{"PartnerItemRef":"i-00002","name":"Ruler","qty":2,"unitprice":5}]}
2024-12-22 08:20:48,034 [14] ERROR fourtitudeTest.Controllers.FourtitudeController - Partner or signature validation failed.
2024-12-22 08:20:58,394 [17] INFO  fourtitudeTest.Controllers.FourtitudeController - Received request: {"partnerrefno":"FG-00001","partnerkey":"FAKEGOOGLE","partnerpassword":"RkFLRVBBU1NXT1JEMTIzNA==","totalamount":1000,"sig":" MDE3ZTBkODg4ZDNhYzU0ZDBlZWRmNmU2NmUyOWRhZWU4Y2M1NzQ1OTIzZGRjYTc1ZGNjOTkwYzg2MWJlMDExMw==","timestamp":"2024-08-15T02:11:22.0000000Z","items":[{"PartnerItemRef":"i-00001","name":"Pen","qty":4,"unitprice":5},{"PartnerItemRef":"i-00002","name":"Ruler","qty":2,"unitprice":5}]}
